****************************************************************************
***                           Sentaurus Device                           ***
***                        Version K-2015.06-SP2                         ***
***                        (1.11, x86_64, Linux)                         ***
***                                                                      ***
***                       Copyright (C) 1994-2015                        ***
***                            Synopsys, Inc.                            ***
***                                                                      ***
***  This software and the associated documentation are confidential     ***
***  and proprietary to Synopsys, Inc.  Your use or disclosure of this   ***
***  software is subject to the terms and conditions of a written        ***
***  license agreement between you, or your company, and Synopsys, Inc.  ***
****************************************************************************

	Running on machine with the following configuration:
	Host Name: en-ec-xing-01.coecis.cornell.edu
	Operating System: Linux rel. 3.10.0-514.26.2.el7.x86_64 ver. #1 SMP Fri Jun 30 05:26:04 UTC 2017
	Machine Type: x86_64
	Process ID: 32282
	Number of processors: 8
	Domain Name: (none)
	Date: Sat Jan 13 16:09:58 2018  (EDT)

Parsing "/opt/synopsys-grace-xing/pkgs/synopsys-sentaurus-K_2015.06-SP2/sentaurus/K_2015.06-SP2/bin/../tcad/current/lib/Molefraction.txt"
Sat Jan 13 16:09:59 2018: checked out 1 sdevice license(s)
Parsing circuit file /opt/synopsys-grace-xing/pkgs/synopsys-sentaurus-K_2015.06-SP2/sentaurus/K_2015.06-SP2/bin/../tcad/current/amd64/lib/sdevice/sd_hb_vsource2.ccf
Parsing circuit file /opt/synopsys-grace-xing/pkgs/synopsys-sentaurus-K_2015.06-SP2/sentaurus/K_2015.06-SP2/bin/../tcad/current/amd64/lib/sdevice/sd_hb_isource.ccf
Parsing circuit file /opt/synopsys-grace-xing/pkgs/synopsys-sentaurus-K_2015.06-SP2/sentaurus/K_2015.06-SP2/bin/../tcad/current/amd64/lib/sdevice/sd_hb_vsource.ccf
Parsing circuit file /opt/synopsys-grace-xing/pkgs/synopsys-sentaurus-K_2015.06-SP2/sentaurus/K_2015.06-SP2/bin/../tcad/current/amd64/lib/sdevice/sd_hb_isource2.ccf
Parsing circuit file /opt/synopsys-grace-xing/pkgs/synopsys-sentaurus-K_2015.06-SP2/sentaurus/K_2015.06-SP2/bin/../tcad/current/amd64/lib/sdevice/sd_SRL1.ccf
Parsing circuit file /opt/synopsys-grace-xing/pkgs/synopsys-sentaurus-K_2015.06-SP2/sentaurus/K_2015.06-SP2/bin/../tcad/current/amd64/lib/sdevice/sd_hb_pGC.ccf
Parsing circuit file /opt/synopsys-grace-xing/pkgs/synopsys-sentaurus-K_2015.06-SP2/sentaurus/K_2015.06-SP2/bin/../tcad/current/amd64/lib/sdevice/bs_psource.ccf
Parsing circuit file /opt/synopsys-grace-xing/pkgs/synopsys-sentaurus-K_2015.06-SP2/sentaurus/K_2015.06-SP2/bin/../tcad/current/amd64/lib/sdevice/sd_hb_sRL.ccf
Parsing circuit file /opt/synopsys-grace-xing/pkgs/synopsys-sentaurus-K_2015.06-SP2/sentaurus/K_2015.06-SP2/bin/../tcad/current/amd64/lib/scm/MOS_harness.ccf
Loading shared object file /opt/synopsys-grace-xing/pkgs/synopsys-sentaurus-K_2015.06-SP2/sentaurus/K_2015.06-SP2/bin/../tcad/current/amd64/lib/scm/MOS_harness.so.linux64
Loading shared object file /opt/synopsys-grace-xing/pkgs/synopsys-sentaurus-K_2015.06-SP2/sentaurus/K_2015.06-SP2/bin/../tcad/current/amd64/lib/sdevice/sd_hb_sRL.so.linux64
Loading shared object file /opt/synopsys-grace-xing/pkgs/synopsys-sentaurus-K_2015.06-SP2/sentaurus/K_2015.06-SP2/bin/../tcad/current/amd64/lib/sdevice/bs_psource.so.linux64
Loading shared object file /opt/synopsys-grace-xing/pkgs/synopsys-sentaurus-K_2015.06-SP2/sentaurus/K_2015.06-SP2/bin/../tcad/current/amd64/lib/sdevice/sd_hb_pGC.so.linux64
Loading shared object file /opt/synopsys-grace-xing/pkgs/synopsys-sentaurus-K_2015.06-SP2/sentaurus/K_2015.06-SP2/bin/../tcad/current/amd64/lib/sdevice/sd_SRL1.so.linux64
Loading shared object file /opt/synopsys-grace-xing/pkgs/synopsys-sentaurus-K_2015.06-SP2/sentaurus/K_2015.06-SP2/bin/../tcad/current/amd64/lib/sdevice/sd_hb_isource2.so.linux64
Loading shared object file /opt/synopsys-grace-xing/pkgs/synopsys-sentaurus-K_2015.06-SP2/sentaurus/K_2015.06-SP2/bin/../tcad/current/amd64/lib/sdevice/sd_hb_vsource.so.linux64
Loading shared object file /opt/synopsys-grace-xing/pkgs/synopsys-sentaurus-K_2015.06-SP2/sentaurus/K_2015.06-SP2/bin/../tcad/current/amd64/lib/sdevice/sd_hb_isource.so.linux64
Loading shared object file /opt/synopsys-grace-xing/pkgs/synopsys-sentaurus-K_2015.06-SP2/sentaurus/K_2015.06-SP2/bin/../tcad/current/amd64/lib/sdevice/sd_hb_vsource2.so.linux64

Input source: pp3_des.cmd

===============================

Output file: n3_des.log


GlobalParameter {
}
no ACExtract file

PMIPath file: /opt/synopsys-grace-xing/pkgs/synopsys-sentaurus-K_2015.06-SP2/sentaurus/K_2015.06-SP2/bin/../tcad/current/amd64/lib/sdevice-24.0.11 /opt/synopsys-grace-xing/pkgs/synopsys-sentaurus-K_2015.06-SP2/sentaurus/K_2015.06-SP2/bin/../tcad/current/amd64/lib/sdevice

CMIPath file: /opt/synopsys-grace-xing/pkgs/synopsys-sentaurus-K_2015.06-SP2/sentaurus/K_2015.06-SP2/bin/../tcad/current/amd64/lib/sdevice /opt/synopsys-grace-xing/pkgs/synopsys-sentaurus-K_2015.06-SP2/sentaurus/K_2015.06-SP2/bin/../tcad/current/amd64/lib/scm

SPICEPath file: /opt/synopsys-grace-xing/pkgs/synopsys-sentaurus-K_2015.06-SP2/sentaurus/K_2015.06-SP2/bin/../tcad/current/lib/sdevice-24.0.11/spice

no DevicePath file

no CIRCUITSAVENAME file

no CIRCUITLOADNAME file

Numerical parameters:
  Absolute error : 
    Poisson : 1.0000e-03
    eqPoisson : 1.0000e-03
    Electron : 1.0000e-05
    Hole : 1.0000e-05
    Photon-Rate-Equation : 1.0000e-07
    Photon-Phase-Equation : 1.0000e-05
    Rate-Stabilize-Equation : 1.0000e-07
    QW-Scattering-Equations : 1.0000e-05
    QW-eScattering-Equation : 1.0000e-05
    QW-hScattering-Equation : 1.0000e-05
    Optical Problem : 1.0000e-03
    Wavelength : 1.0000e-03
    Bandstructure : 1.0000e-03
    EmissionTable : 1.0000e-03
    DephasingRates : 1.0000e-03
    Photon Recycling : 1.0000e-03
    Electron-Temperature : 1.0000e-04
    Hole-Temperature : 1.0000e-04
    Lattice-Hole-Electron-Temperature : 1.0000e-03
    Circuit : 1.0000e-03
    TCircuit : 1.0000e-03
    Contact : 1.0000e-03
    TContact : 1.0000e-03
    Continuation : 1.0000e-03
    eLaplace : 1.0000e-03
    hLaplace : 1.0000e-03
    tLaplace : 1.0000e-03
    MonteCarlo : 1.0000e-03
    MCPoissonPDE : 1.0000e-03
    eQuantumPotential : 1.0000e-03
    hQuantumPotential : 1.0000e-03
    quasi-fermi-potential : 1.0000e-03
    ConductiveInsulator : 1.0000e-03
    ContactAndConductiveInsulator : 1.0000e-03
    SingletExciton : 1.0000e-05
    eHopping : 1.0000e-03
    hHopping : 1.0000e-03
    HydrogenAtom : 1.0000e-03
    HydrogenMolecule : 1.0000e-03
    HydrogenIon : 1.0000e-03
    HydrogenSiliconBondOccupation : 1.0000e-03
    TrapPDE : 1.0000e-03
    eSHEDistribution : 1.0000e-03
    hSHEDistribution : 1.0000e-03
    Landau-Lifshitz-Gilbert[theta] : 1.0000e-03
    Landau-Lifshitz-Gilbert[phi] : 1.0000e-03
    Landau-Lifshitz-Gilbert[x] : 1.0000e-03
    Landau-Lifshitz-Gilbert[y] : 1.0000e-03
    Landau-Lifshitz-Gilbert[z] : 1.0000e-03
    Mechanics : 1.0000e-03
    ExternalTransportSolver : 1.0000e-03
    ReactionDiffusionPDE : 1.0000e-03
  RelErrControl (Reference error): 
    Poisson : 0.025852
    eqPoisson : 1
    Electron : 1.0000e+07
    Hole : 1.0000e+07
    Photon-Rate-Equation : 1.0000e-07
    Photon-Phase-Equation : 1
    Rate-Stabilize-Equation : 1.0000e-07
    QW-Scattering-Equations : 1.0000e+10
    QW-eScattering-Equation : 1.0000e+10
    QW-hScattering-Equation : 1.0000e+10
    Optical Problem : 1
    Wavelength : 1
    Bandstructure : 1
    EmissionTable : 1
    DephasingRates : 1
    Photon Recycling : 1
    Electron-Temperature : 3.0000e+02
    Hole-Temperature : 3.0000e+02
    Lattice-Hole-Electron-Temperature : 3.0000e+02
    Circuit : 1
    TCircuit : 1
    Contact : 0.025852
    TContact : 1
    Continuation : 1
    eLaplace : 1
    hLaplace : 1
    tLaplace : 1
    MonteCarlo : 1
    MCPoissonPDE : 1
    eQuantumPotential : 0.025852
    hQuantumPotential : 0.025852
    quasi-fermi-potential : 0.025852
    ConductiveInsulator : 1
    ContactAndConductiveInsulator : 1
    SingletExciton : 1.0000e+10
    eHopping : 0.025852
    hHopping : 0.025852
    HydrogenAtom : 1.0000e+10
    HydrogenMolecule : 1.0000e+10
    HydrogenIon : 1.0000e+10
    HydrogenSiliconBondOccupation : 1
    TrapPDE : 1.0000e-05
    eSHEDistribution : 0.025852
    hSHEDistribution : 0.025852
    Landau-Lifshitz-Gilbert[theta] : 1
    Landau-Lifshitz-Gilbert[phi] : 1
    Landau-Lifshitz-Gilbert[x] : 1
    Landau-Lifshitz-Gilbert[y] : 1
    Landau-Lifshitz-Gilbert[z] : 1
    Mechanics : 1
    ExternalTransportSolver : 1
    ReactionDiffusionPDE : 1
  Relative error : 5 digits
  Without checked transient error
  Max. #iterations : 15
  LineSearchDamping=1
  #undamped iterations : 50
  No incomplete Newton
  transient method : TR-BDF
  Linear solver : blocked decomposition
  Linear solver for AC analysis : blocked decomposition
  Linear solver for SHEDistribution Model : Super
  use linear extrapolation in transient/quasistationary computations
  use complex supernodal in ac-analysis (if possible)
  do not use smoothed PDE's in transient/quasistationary computations
  Harmonic balance (HB) specifications:
    Do not use MDFT mode in HB (i.e. one-tone and time domain assembly).
    Do not use in HB the logarithm of densities.
    No SolveSpectrum entries are specified.
    Plot HB results for time domain interval (0.0000e+00 , 0.0000e+00) using 0 intervals.
    HB Newton scaling parameters for rhs and update:
      Equation                         :  RhsScale  : UpdateScale
      Poisson                          :   1.00E+00 :   1.00E+00 
      eqPoisson                        :   1.00E+00 :   1.00E+00 
      Electron                         :   1.00E-05 :   1.00E+00 
      Hole                             :   1.00E-05 :   1.00E+00 
      Photon-Rate-Equation             :   1.00E-05 :   1.00E+00 
      Photon-Phase-Equation            :   1.00E+00 :   1.00E+00 
      Rate-Stabilize-Equation          :   1.00E+00 :   1.00E+00 
      QW-Scattering-Equations          :   1.00E-05 :   1.00E+00 
      QW-eScattering-Equation          :   1.00E-05 :   1.00E+00 
      QW-hScattering-Equation          :   1.00E-05 :   1.00E+00 
      Optical Problem                  :   1.00E+00 :   1.00E+00 
      Wavelength                       :   1.00E+00 :   1.00E+00 
      Bandstructure                    :   1.00E+00 :   1.00E+00 
      EmissionTable                    :   1.00E+00 :   1.00E+00 
      DephasingRates                   :   1.00E+00 :   1.00E+00 
      Photon Recycling                 :   1.00E+00 :   1.00E+00 
      Electron-Temperature             :   1.00E+00 :   1.00E+00 
      Hole-Temperature                 :   1.00E+00 :   1.00E+00 
      Lattice-Hole-Electron-Temperature:   1.00E+00 :   1.00E+00 
      Circuit                          :   1.00E-05 :   1.00E+00 
      TCircuit                         :   1.00E+00 :   1.00E+00 
      Contact                          :   1.00E-05 :   1.00E+00 
      TContact                         :   1.00E+00 :   1.00E+00 
      Continuation                     :   1.00E+00 :   1.00E+00 
      eLaplace                         :   1.00E+00 :   1.00E+00 
      hLaplace                         :   1.00E+00 :   1.00E+00 
      tLaplace                         :   1.00E+00 :   1.00E+00 
      MonteCarlo                       :   1.00E+00 :   1.00E+00 
      MCPoissonPDE                     :   1.00E+00 :   1.00E+00 
      eQuantumPotential                :   1.00E+00 :   1.00E+00 
      hQuantumPotential                :   1.00E+00 :   1.00E+00 
      quasi-fermi-potential            :   1.00E+00 :   1.00E+00 
      ConductiveInsulator              :   1.00E+00 :   1.00E+00 
      ContactAndConductiveInsulator    :   1.00E+00 :   1.00E+00 
      SingletExciton                   :   1.00E+00 :   1.00E+00 
      eHopping                         :   1.00E+00 :   1.00E+00 
      hHopping                         :   1.00E+00 :   1.00E+00 
      HydrogenAtom                     :   1.00E+00 :   1.00E+00 
      HydrogenMolecule                 :   1.00E+00 :   1.00E+00 
      HydrogenIon                      :   1.00E+00 :   1.00E+00 
      HydrogenSiliconBondOccupation    :   1.00E+00 :   1.00E+00 
      TrapPDE                          :   1.00E+00 :   1.00E+00 
      eSHEDistribution                 :   1.00E+00 :   1.00E+00 
      hSHEDistribution                 :   1.00E+00 :   1.00E+00 
      Landau-Lifshitz-Gilbert[theta]   :   1.00E+00 :   1.00E+00 
      Landau-Lifshitz-Gilbert[phi]     :   1.00E+00 :   1.00E+00 
      Landau-Lifshitz-Gilbert[x]       :   1.00E+00 :   1.00E+00 
      Landau-Lifshitz-Gilbert[y]       :   1.00E+00 :   1.00E+00 
      Landau-Lifshitz-Gilbert[z]       :   1.00E+00 :   1.00E+00 
      Mechanics                        :   1.00E+00 :   1.00E+00 
      ExternalTransportSolver          :   1.00E+00 :   1.00E+00 
      ReactionDiffusionPDE             :   1.00E+00 :   1.00E+00 
    HB Newton correction parameters for values:
      Equation                         :     Min    :  Variation 
      Electron                         :   1.00E-20 :   1.00E+18 
      Hole                             :   1.00E-20 :   1.00E+18 
      Photon-Rate-Equation             :   0.00E+00 :   1.00E+18 
      QW-eScattering-Equation          :   1.00E-20 :   1.00E+18 
      QW-hScattering-Equation          :   1.00E-20 :   1.00E+18 
      Electron-Temperature             :   1.00E+02 :   1.00E+18 
      Hole-Temperature                 :   1.00E+02 :   1.00E+18 
      Lattice-Hole-Electron-Temperature:   1.00E+02 :   1.00E+18 
    
    Traps are solved by decoupled mode.
  use automatic coupling of contact/circuit stuff
  Spice temperature: 3.0015e+02
  Spice nominal temperature of parameter measurements: 3.0015e+02
  Spice minimum conductance gmin: 1.0000e-12
  Use 64 bit (double) normal precision floating point arithmetic.
  Mininum |rhs| : 1.0000e-05
  Maximum |rhs| : 1.0000e+15
  Maximum |rhs| factor : 1.0000e+10
  Lattice Temperature Range : (50,5.0000e+03)
  Carrier Temperature Range : (10,8.0000e+04)
  Simplified first order SHE of BTE will be solved
  SHERefinementCutoff : 20
  No user dependencies.
  Number of assembly threads: 1 (default)
  Number of solver threads: 1 (OMP_NUM_THREADS)
  Thread stacksize: 1000000 bytes (default)
  Go serial if not enough parallel licenses are available.

Default device parameters:
  Electrodes:
    "source" : 0.0000e+00 V (Ohmic), area factor : 1
    "drain" : 0.0000e+00 V (Ohmic), area factor : 1
    "topGate" : 0.2 V (Schottky, Barrier = 0.02 V), area factor : 1
    "bottomGate" : 0.2 V (Schottky, Barrier = 0.02 V), area factor : 1
  RayTrace Boundaries:
  Files:
    no Boundary file
    Grid file: n1_msh.tdr
    no Doping file
    no MobilityDoping file
    no Load file
    no Save file
    Plot file: n3_des.tdr
    no DevFieldsName file
    AutoNewtonPlot file: n3_des_%d_des.tdr
    no Path file
    no Lifetime file
    no Temperature file
    Current file: n3_des.plt
    no PMIUserFields file
    no Extraction file
    ModelParameters file: pp3_des.par
    ParameterPath directories: 
    no Piezo file
    no ModeGain file
    no Optical emission table for stimulated emission file
    no Optical emission table for spontaneous emission file
    no Optical emission table for photon phase change coefficient file
    no EmissionTable file
    no DephasingRates file
    no ASESpectrum file
    no OpticalFarField file
    no OpticalIntensityPattern file
    no SaveOpticalIntensityPattern file
    no OpticalXYAnglePattern file
    no SaveOpticalXYAnglePattern file
    no MonteCarloInput file
    no MonteCarloOutput file
    no ACPlot file
-----------------------------------------------
  Numerical parameters:
    With exact derivatives
    With avalanche derivatives
    Using old wavelength search algorithm
    Do not reinitialize quasi Fermi potentials in quasi-stationary simulations
    Ignore ionization integral constraints
    Without diagonal preconditioning
    With Scharfetter-Gummel Discretization
    Relative error : 5 digits
    Delta for numerical tunnelling derivatives : 1.0000e-03
    Minimal (regularization) density in relaxation terms : 1.0000e+04 
    Minimal (regularization) density at zero carrier temperature : 2.0000e+08 
    Do not compute breakdown paths and ionization integrals
    QuasiFermiPotential is used for Contact Equation
-----------------------------------------------
-----------------------------------------------
  Physical models:
    Without incomplete ionization
    Use Si parameters
    TATNonlocalPathNC = 0.0000e+00
    Without SRH-Recombination
    Without CDL-Recombination
    With optical generation computation 
    With Band-to-Band-Tunneling
      Nonlocal WKB path integral-based B2B model with single transition process
        |grad Ev|*C*S*exp(-W)*(fv-fc)
        Computation of derivatives is turned off.
        Interface reflection is turned on.
        Tunneling direction will be dynamically determined.
        Kane dispersion will be used for the direct b2b tunneling.
        Keldysh dispersion will be always used for the indirect b2b tunneling.
    Without Auger-Recombination
    Without Radiative Recombination
    Without Surface-Recombination
    Without Trap-Assisted-Auger-Recombination
    PMI recombination models: none
    Without thermal resistance interfaces
    Without distributed resistance interfaces for electrons
    Without distributed resistance interfaces for holes
    Without Piezo
    Without Anisotropic Material Properties
    Without Avalanche-Generation 
    Without Alpha Particle
    Without Heavy Ion
    Without polarization
    Volume charge density: 0.0000e+00 cm^-3
    Device Temperature = 3.0000e+02 K
    Electron Quasi Fermi Potential: 0.0000e+00 V
    Hole Quasi Fermi Potential: 0.0000e+00 V
    Without MagneticField
    With SingletExciton Barrier Type
    Intrinsic density models:
      default bandgap model
      Bandgap narrowing model: Bennett/Wilson without bandgap narrowing
    default affinity model
    default effective mass model
    Electron mobility:
      no Doping dependence (using constant mobility)
      no Carrier-Carrier scattering
      no E_normal dependence
      Without ThinLayer mobility model
      no high-field saturation
      Einstein relation for diffusivity-mobility ratio.
    Hole mobility:
      no Doping dependence (using constant mobility)
      no Carrier-Carrier scattering
      no E_normal dependence
      Without ThinLayer mobility model
      no high-field saturation
      Einstein relation for diffusivity-mobility ratio.
    Energy relaxation time model: according to formula in parameter file
    Schottky resistance model: default bult-in model
    Lattice thermal conductivity model: according to formula in parameter file
    Metal Resistivity model: according to formula in parameter file
    Thermo Electric Power model: extraploted Si data
    Metal Thermo Electric Power model: MetalThermoElectricPower model not defined
    Lattice heat capacity model: temperature dependent
    no piezoelectric polarization model
    Without default parameters from file (use built-in default parameters)
-----------------------------------------------
- - - - - - - - - - - - - - - - - - - - - - - - 
  The following Physical models were changed
              for Material = 'InGaAs'

    Internal Mole Fraction Specification:
        xMoleFractionConst = 0.2
        Delta Of Grading = 0.0000e+00 microns

    Without thermal resistance interfaces
    Without distributed resistance interfaces for electrons
    Without distributed resistance interfaces for holes
- - - - - - - - - - - - - - - - - - - - - - - -
  Process information for extraction purposes:
    none
  Plot variables:
    eDensity
    hDensity
    TotalCurrentDensity/Vector
    eCurrentDensity/Vector
    hCurrentDensity/Vector
    eMobility
    hMobility
    eVelocity
    hVelocity
    eQuasiFermiPotential
    hQuasiFermiPotential
    eNLLTunnelingGeneration
    hNLLTunnelingGeneration
    ElectricField/Vector
    ElectrostaticPotential
    SpaceCharge
    DopingConcentration
    DonorConcentration
    AcceptorConcentration
    eGradQuasiFermi/Vector
    hGradQuasiFermi/Vector
    eEparallel
    hEparallel
    BandGap
    ElectronAffinity
    ConductionBandEnergy
    ValenceBandEnergy
    xMoleFraction

------------------------------------------------
  NoisePlot variables:
    none
  Plot groups:
    none

------------------------------------------------
  CurrentPlot variables:
    none
Devices:
Systems:
Solve :
 Poisson
Coupled ( Digits : 5, Max. #iterations : 15, 
    Solver : blocked decomposition,
    #undamped iterations : 50 
    )
    { Poisson Electron Hole } 
Quasistationary ( Digits : 5, Max. #iterations : 15, 
      Initial step in t : 0.05, 
      Minimum step in t : 1.0000e-05, Maximum step in t : 0.3, 
      Increment : 1.25, Decrement : 2, 
      Goal values :
        Contact drain : 0.4V
    )
  {
    Coupled ( Digits : 5, Max. #iterations : 15, 
        Solver : blocked decomposition,
        #undamped iterations : 50 
        )
        { Poisson Electron Hole } 
  }
Quasistationary ( Digits : 5, Max. #iterations : 15, 
      Initial step in t : 0.05, 
      Minimum step in t : 1.0000e-05, Maximum step in t : 0.3, 
      Increment : 1.25, Decrement : 2, 
      Goal values :
        Contact bottomGate : 0.0000e+00V
    )
  {
    Coupled ( Digits : 5, Max. #iterations : 15, 
        Solver : blocked decomposition,
        #undamped iterations : 50 
        )
        { Poisson Electron Hole } 
  }
Quasistationary ( Digits : 5, Max. #iterations : 15, 
      Initial step in t : 0.05, 
      Minimum step in t : 1.0000e-05, Maximum step in t : 0.015, 
      Increment : 1.25, Decrement : 2, 
      Goal values :
        Contact topGate : 0.4V
    )
  {
    Coupled ( Digits : 5, Max. #iterations : 15, 
        Solver : blocked decomposition,
        #undamped iterations : 50 
        )
        { Poisson Electron Hole } 
  }

===============================

Reading grid 'n1_msh.tdr' ... 
  coordinate system: DFISE, 2d_dfise (y is device down direction, 3d extension right-handed)
  use coordinate system as is (no transformation)
  TDR format
  Number of grid points is 905.
done.

Adding interfaces and contacts .... done.

Computing edges ...
  Number of edges: 43220
done.
Computing boxes ...

  CVPL_AverageBoxMethod = TRUE 
   
Info for all regions:
  ElementWithMinVolume(   255) Vertex0(  385)( 1.000000e-02, 1.250000e-03) Volume = 1.953125e-08 um3 (3.25e-04 from TotalVolume)
    ElementWithMinEdge(   145) Vertex0(  251)( 1.000000e-02, 5.000000e-04) Length = 1.562500e-04 um
        MaxFlatElement(  1535) Vertex0(  903)( 1.500000e-02, 1.500000e-03)  Angle = 9.000000e+01 degrees
   ElementWithMinAngle(  1529) Vertex0(  897)( 1.984375e-02, 1.250000e-03)  Angle = 3.200538e+01 degrees
                   tan(MinAngle) = 6.250000e-01 

Info for semiconductor regions:
  ElementWithMinVolume(   255) Vertex0(  385)( 1.000000e-02, 1.250000e-03) Volume = 1.953125e-08 um3 (3.25e-04 from TotalVolume)
    ElementWithMinEdge(   145) Vertex0(  251)( 1.000000e-02, 5.000000e-04) Length = 1.562500e-04 um
        MaxFlatElement(  1535) Vertex0(  903)( 1.500000e-02, 1.500000e-03)  Angle = 9.000000e+01 degrees
   ElementWithMinAngle(  1529) Vertex0(  897)( 1.984375e-02, 1.250000e-03)  Angle = 3.200538e+01 degrees
                   tan(MinAngle) = 6.250000e-01 

   NumberOfEdges              =  43220 
   NumberOfGeometricalEdges   =   2440 
   NumberOfDoubleEdges        =      0 
   MaxNumberOfElementsPerEdge =      2 
   MaxNumberOfEdgesPerVertex  =      6 

  Boxmethod Parallel Computing: nbThreads = 1 

  Parallel Computing Delaunay coefficients ...   done.
  Delaunay coefficients time: (wallclock = 0.0000e+00 s, tcpu = 0.0000e+00 s)

  Parallel Computing Voronoi faces, coefficients, and measures ... 
  CVPL_Algorithm = TRUE 

    Computing Obtuse Elements ... 
     Obtuse Elements time:  tcpu = 0.0000e+00 s
      New Parameters time: (wallclock = 0.0000e+00 s, tcpu = 0.0000e+00 s)

                       NumberOfVertices =   1045 
                       NumberOfElements =   1536 
                      NumberOfTriangles =   1536  (100.00 %)
                     NumberOfRectangles =      0  ( 0.00 %)
                 NumberOfObtuseElements =      0  ( 0.00 %)
    done.
  done.
  (times: wallclock = 0.03 s, tcpu = 0.02 s)


/-------- Region non-Delaunay elements ----------------------------------------------------------------
 Region       Volume      BoxMethodVolume  DeltaVolume  Elements  non-Delaunay      non-DelaunayVolume 
  name         [um2]          [um2]           [%]                   Elements              [um2]   [%]   
 ------------------------------------------------------------------------------------------------------
 Channel   1.0000000e-05  1.0000000e-05     2.3e-12       512       0 ( 0.00 %)   0.0000000e+00 ( 0.00) 
 Source    5.0000000e-06  5.0000000e-06     2.3e-13       256       0 ( 0.00 %)   0.0000000e+00 ( 0.00) 
 TopOx     5.0000000e-06  5.0000000e-06     5.7e-14       256       0 ( 0.00 %)   0.0000000e+00 ( 0.00) 
 BottomOx  5.0000000e-06  5.0000000e-06     9.5e-14       256       0 ( 0.00 %)   0.0000000e+00 ( 0.00) 
 Drain     5.0000000e-06  5.0000000e-06     1.1e-13       256       0 ( 0.00 %)   0.0000000e+00 ( 0.00) 
 Total     3.0000000e-05  3.0000000e-05     3.1e-12      1536       0 ( 0.00 %)   0.0000000e+00 ( 0.00) 
\------------------------------------------------------------------------------------------------------
done.
Reading doping 'n1_msh.tdr' (TDR format) ...
done.
done.
Reading parameter file 'pp3_des.par' ...
---------------------------------------------------
 Reading parameters for material "InGaAs"
---------------------------------------------------

	Differences compared with default parameters:
	BarrierTunneling_: mt_e = 0.3, instead of: 0.0000e+00 [1]
	BarrierTunneling_: mt_h = 0.3, instead of: 0.0000e+00 [1]
	BarrierTunneling_: g_e = 2, instead of: 2.1 [1]
	BarrierTunneling_: g_h = 2, instead of: 0.66 [1]
	Band2BandTunneling: A = 1.0000e+26, instead of: 8.9770e+20 [1/cm/sec/V^2]
	Band2BandTunneling: B = 1, instead of: 2.1466e+07 [V/cm/eV^1.5]
	Energy relaxation time: tau_w_ele = 0.8, instead of: 1 [ps]
	Energy relaxation time: tau_w_hol = 0.3, instead of: 0.4 [ps]
	vanOverstraetendeMan: a(low)_e = 3.0000e+04, instead of: 7.0300e+05 [1/cm]
	vanOverstraetendeMan: a(low)_h = 3.0000e+04, instead of: 1.5820e+06 [1/cm]
	vanOverstraetendeMan: a(high)_e = 3.0000e+04, instead of: 7.0300e+05 [1/cm]
	vanOverstraetendeMan: a(high)_h = 3.0000e+04, instead of: 6.7100e+05 [1/cm]
	vanOverstraetendeMan: b(low)_e = 6.4000e+05, instead of: 1.2310e+06 [V/cm]
	vanOverstraetendeMan: b(low)_h = 6.4000e+05, instead of: 2.0360e+06 [V/cm]
	vanOverstraetendeMan: hbarOmega_e = 0.035, instead of: 0.063 [eV]
	vanOverstraetendeMan: hbarOmega_h = 0.035, instead of: 0.063 [eV]
	DOSMass_hole(interval[0]): Nv300 = 8.7200e+16, instead of: 6.6600e+18 [cm-3]
	DOSMass_hole(interval[1]): Nv300 = 4.4200e+17, instead of: 8.4700e+18 [cm-3]
	ConstantMobility_electron(interval[0]): mumax = 1.5000e+04, instead of: 2.2600e+04 [cm^2/(Vs)]
	ConstantMobility_electron(interval[1]): mumax = 6.0000e+03, instead of: 8.5000e+03 [cm^2/(Vs)]
	HighFieldDependence_electron(interval[0]): beta0 = 5, instead of: 2 [1]
	HighFieldDependence_electron(interval[1]): beta0 = 5, instead of: 2 [1]
	Scharfetter(elec): T_alpha = -1.5000e+00, instead of: 0.0000e+00 [1]
	Scharfetter(hole): T_alpha = -1.5000e+00, instead of: 0.0000e+00 [1]
	Scharfetter(elec): T_coeff = 2.55, instead of: 0.0000e+00 [1]
	Scharfetter(hole): T_coeff = 2.55, instead of: 0.0000e+00 [1]
	RadiativeRecombination: C = 2.0000e-10, instead of: 0.0000e+00 [cm^3/s]


=======
Region: "BottomOx"
  (material is "Oxide")
=======
  Using default lattice crystal coordinate system L:
    Effective LatticeParameters (simulation coordinate system S
    relative to the Cartesian crystal coordinate system C):
      X = (1, 0.0000e+00, 0.0000e+00)
      Y = (0.0000e+00, 1, 0.0000e+00)
      Z = (0.0000e+00, 0.0000e+00, 1)
  Constants are not modified and equal to default ones

=======
Region: "Channel"
  (material is "InGaAs")
=======
  Model: "Bandgap"
    Parameter "B(Chi0(1))" is new with value equal to 0
    Parameter "B(alpha(1))" is new with value equal to 0
    Parameter "B(beta(1))" is new with value equal to 0
    Parameter "C(Chi0(1))" is new with value equal to 0
    Parameter "C(Eg0(1))" is new with value equal to 0
    Parameter "C(alpha(1))" is new with value equal to 0
    Parameter "C(beta(1))" is new with value equal to 0
  Model: "BandstructureParameters"
    Parameter "A1(0)" is new with value equal to 0
    Parameter "A1(1)" is new with value equal to 0
    Parameter "A2(0)" is new with value equal to 0
    Parameter "A2(1)" is new with value equal to 0
    Parameter "A3(0)" is new with value equal to 0
    Parameter "A3(1)" is new with value equal to 0
    Parameter "A4(0)" is new with value equal to 0
    Parameter "A4(1)" is new with value equal to 0
    Parameter "A5(0)" is new with value equal to 0
    Parameter "A5(1)" is new with value equal to 0
    Parameter "A6(0)" is new with value equal to 0
    Parameter "A6(1)" is new with value equal to 0
    Parameter "cr(0)" is new with value equal to 0
    Parameter "cr(1)" is new with value equal to 0
  Model: "ConstantMobility_electron"
    Parameter "mumax(0)" is modified from 22600 to 15000
    Parameter "mumax(1)" is modified from 8500 to 6000
    Parameter "mutunnel(0)" is new with value equal to 0.05
    Parameter "mutunnel(1)" is new with value equal to 0.05
  Model: "ConstantMobility_electron_aniso"
    Parameter "mutunnel(0)" is new with value equal to 0.05
    Parameter "mutunnel(1)" is new with value equal to 0.05
  Model: "ConstantMobility_hole"
    Parameter "mutunnel(0)" is new with value equal to 0.05
    Parameter "mutunnel(1)" is new with value equal to 0.05
  Model: "ConstantMobility_hole_aniso"
    Parameter "mutunnel(0)" is new with value equal to 0.05
    Parameter "mutunnel(1)" is new with value equal to 0.05
  Model: "DOSMass_electron"
    Parameter "a(0)" is new with value equal to 0.1905
    Parameter "a(1)" is new with value equal to 0.1905
    Parameter "ml(0)" is new with value equal to 0.9163
    Parameter "ml(1)" is new with value equal to 0.9163
    Parameter "mm(0)" is new with value equal to 0
    Parameter "mm(1)" is new with value equal to 0
  Model: "DOSMass_hole"
    Parameter "Nv300(0)" is modified from 6.66e+18 to 8.72e+16
    Parameter "Nv300(1)" is modified from 8.47e+18 to 4.42e+17
    Parameter "a(0)" is new with value equal to 0.443587
    Parameter "a(1)" is new with value equal to 0.443587
    Parameter "b(0)" is new with value equal to 0.0036095
    Parameter "b(1)" is new with value equal to 0.0036095
    Parameter "c(0)" is new with value equal to 0.00011735
    Parameter "c(1)" is new with value equal to 0.00011735
    Parameter "d(0)" is new with value equal to 1.2632e-06
    Parameter "d(1)" is new with value equal to 1.2632e-06
    Parameter "e(0)" is new with value equal to 3.0256e-09
    Parameter "e(1)" is new with value equal to 3.0256e-09
    Parameter "f(0)" is new with value equal to 0.0046834
    Parameter "f(1)" is new with value equal to 0.0046834
    Parameter "g(0)" is new with value equal to 0.00022869
    Parameter "g(1)" is new with value equal to 0.00022869
    Parameter "h(0)" is new with value equal to 7.4693e-07
    Parameter "h(1)" is new with value equal to 7.4693e-07
    Parameter "i(0)" is new with value equal to 1.7275e-09
    Parameter "i(1)" is new with value equal to 1.7275e-09
    Parameter "mm(0)" is new with value equal to 0
    Parameter "mm(1)" is new with value equal to 0
  Model: "EnergyRelaxationTime_electron"
    Parameter "(tau_w)_ele" is modified from 1 to 0.8
  Model: "EnergyRelaxationTime_hole"
    Parameter "(tau_w)_hol" is modified from 0.4 to 0.3
  Model: "HighFieldDependence_electron"
    Parameter "beta0(0)" is modified from 2 to 5
    Parameter "beta0(1)" is modified from 2 to 5
  Model: "Kappa"
    Parameter "B(1/kappa_b(1))" is new with value equal to 0
    Parameter "B(1/kappa_c(1))" is new with value equal to 0
    Parameter "B(kappa(1))" is new with value equal to 0
    Parameter "B(kappa_b(1))" is new with value equal to 0
    Parameter "B(kappa_c(1))" is new with value equal to 0
    Parameter "C(1/kappa(1))" is new with value equal to 0
    Parameter "C(1/kappa_b(1))" is new with value equal to 0
    Parameter "C(1/kappa_c(1))" is new with value equal to 0
    Parameter "C(kappa(1))" is new with value equal to 0
    Parameter "C(kappa_b(1))" is new with value equal to 0
    Parameter "C(kappa_c(1))" is new with value equal to 0
    Parameter "kappa(0)" is new with value equal to 1.5
    Parameter "kappa(1)" is new with value equal to 1.5
    Parameter "kappa_b(0)" is new with value equal to 0
    Parameter "kappa_b(1)" is new with value equal to 0
    Parameter "kappa_c(0)" is new with value equal to 0
    Parameter "kappa_c(1)" is new with value equal to 0
  Model: "Kappa_aniso"
    Parameter "B(1/kappa_b(1))" is new with value equal to 0
    Parameter "B(1/kappa_c(1))" is new with value equal to 0
    Parameter "B(kappa(1))" is new with value equal to 0
    Parameter "B(kappa_b(1))" is new with value equal to 0
    Parameter "B(kappa_c(1))" is new with value equal to 0
    Parameter "C(1/kappa(1))" is new with value equal to 0
    Parameter "C(1/kappa_b(1))" is new with value equal to 0
    Parameter "C(1/kappa_c(1))" is new with value equal to 0
    Parameter "C(kappa(1))" is new with value equal to 0
    Parameter "C(kappa_b(1))" is new with value equal to 0
    Parameter "C(kappa_c(1))" is new with value equal to 0
    Parameter "kappa(0)" is new with value equal to 1.5
    Parameter "kappa(1)" is new with value equal to 1.5
    Parameter "kappa_b(0)" is new with value equal to 0
    Parameter "kappa_b(1)" is new with value equal to 0
    Parameter "kappa_c(0)" is new with value equal to 0
    Parameter "kappa_c(1)" is new with value equal to 0
  Model: "QWStrain"
    Parameter "C_13(0)" is new with value equal to 0
    Parameter "C_13(1)" is new with value equal to 0
    Parameter "C_33(0)" is new with value equal to 0
    Parameter "C_33(1)" is new with value equal to 0
    Parameter "D1(0)" is new with value equal to 0
    Parameter "D1(1)" is new with value equal to 0
    Parameter "D2(0)" is new with value equal to 0
    Parameter "D2(1)" is new with value equal to 0
    Parameter "D3(0)" is new with value equal to 0
    Parameter "D3(1)" is new with value equal to 0
    Parameter "D4(0)" is new with value equal to 0
    Parameter "D4(1)" is new with value equal to 0
    Parameter "c0(0)" is new with value equal to 0
    Parameter "c0(1)" is new with value equal to 0
  Model: "SchroedingerParameters"
    Parameter "A(0)" is new with value equal to 4.22
    Parameter "A(1)" is new with value equal to 4.22
    Parameter "B(0)" is new with value equal to 0.6084
    Parameter "B(1)" is new with value equal to 0.6084
    Parameter "C(0)" is new with value equal to 23.058
    Parameter "C(1)" is new with value equal to 23.058
  Model: "vanOverstraetendeMan"
    Parameter "a(high)_e" is modified from 703000 to 30000
    Parameter "a(high)_h" is modified from 671000 to 30000
    Parameter "a(low)_e" is modified from 703000 to 30000
    Parameter "a(low)_h" is modified from 1.582e+06 to 30000
    Parameter "b(low)_e" is modified from 1.231e+06 to 640000
    Parameter "b(low)_h" is modified from 2.036e+06 to 640000
  Using default lattice crystal coordinate system L:
    Effective LatticeParameters (simulation coordinate system S
    relative to the Cartesian crystal coordinate system C):
      X = (1, 0.0000e+00, 0.0000e+00)
      Y = (0.0000e+00, 1, 0.0000e+00)
      Z = (0.0000e+00, 0.0000e+00, 1)

=======
Region: "Drain"
  (material is "InGaAs")
=======
  Model: "Bandgap"
    Parameter "B(Chi0(1))" is new with value equal to 0
    Parameter "B(alpha(1))" is new with value equal to 0
    Parameter "B(beta(1))" is new with value equal to 0
    Parameter "C(Chi0(1))" is new with value equal to 0
    Parameter "C(Eg0(1))" is new with value equal to 0
    Parameter "C(alpha(1))" is new with value equal to 0
    Parameter "C(beta(1))" is new with value equal to 0
  Model: "BandstructureParameters"
    Parameter "A1(0)" is new with value equal to 0
    Parameter "A1(1)" is new with value equal to 0
    Parameter "A2(0)" is new with value equal to 0
    Parameter "A2(1)" is new with value equal to 0
    Parameter "A3(0)" is new with value equal to 0
    Parameter "A3(1)" is new with value equal to 0
    Parameter "A4(0)" is new with value equal to 0
    Parameter "A4(1)" is new with value equal to 0
    Parameter "A5(0)" is new with value equal to 0
    Parameter "A5(1)" is new with value equal to 0
    Parameter "A6(0)" is new with value equal to 0
    Parameter "A6(1)" is new with value equal to 0
    Parameter "cr(0)" is new with value equal to 0
    Parameter "cr(1)" is new with value equal to 0
  Model: "ConstantMobility_electron"
    Parameter "mumax(0)" is modified from 22600 to 15000
    Parameter "mumax(1)" is modified from 8500 to 6000
    Parameter "mutunnel(0)" is new with value equal to 0.05
    Parameter "mutunnel(1)" is new with value equal to 0.05
  Model: "ConstantMobility_electron_aniso"
    Parameter "mutunnel(0)" is new with value equal to 0.05
    Parameter "mutunnel(1)" is new with value equal to 0.05
  Model: "ConstantMobility_hole"
    Parameter "mutunnel(0)" is new with value equal to 0.05
    Parameter "mutunnel(1)" is new with value equal to 0.05
  Model: "ConstantMobility_hole_aniso"
    Parameter "mutunnel(0)" is new with value equal to 0.05
    Parameter "mutunnel(1)" is new with value equal to 0.05
  Model: "DOSMass_electron"
    Parameter "a(0)" is new with value equal to 0.1905
    Parameter "a(1)" is new with value equal to 0.1905
    Parameter "ml(0)" is new with value equal to 0.9163
    Parameter "ml(1)" is new with value equal to 0.9163
    Parameter "mm(0)" is new with value equal to 0
    Parameter "mm(1)" is new with value equal to 0
  Model: "DOSMass_hole"
    Parameter "Nv300(0)" is modified from 6.66e+18 to 8.72e+16
    Parameter "Nv300(1)" is modified from 8.47e+18 to 4.42e+17
    Parameter "a(0)" is new with value equal to 0.443587
    Parameter "a(1)" is new with value equal to 0.443587
    Parameter "b(0)" is new with value equal to 0.0036095
    Parameter "b(1)" is new with value equal to 0.0036095
    Parameter "c(0)" is new with value equal to 0.00011735
    Parameter "c(1)" is new with value equal to 0.00011735
    Parameter "d(0)" is new with value equal to 1.2632e-06
    Parameter "d(1)" is new with value equal to 1.2632e-06
    Parameter "e(0)" is new with value equal to 3.0256e-09
    Parameter "e(1)" is new with value equal to 3.0256e-09
    Parameter "f(0)" is new with value equal to 0.0046834
    Parameter "f(1)" is new with value equal to 0.0046834
    Parameter "g(0)" is new with value equal to 0.00022869
    Parameter "g(1)" is new with value equal to 0.00022869
    Parameter "h(0)" is new with value equal to 7.4693e-07
    Parameter "h(1)" is new with value equal to 7.4693e-07
    Parameter "i(0)" is new with value equal to 1.7275e-09
    Parameter "i(1)" is new with value equal to 1.7275e-09
    Parameter "mm(0)" is new with value equal to 0
    Parameter "mm(1)" is new with value equal to 0
  Model: "EnergyRelaxationTime_electron"
    Parameter "(tau_w)_ele" is modified from 1 to 0.8
  Model: "EnergyRelaxationTime_hole"
    Parameter "(tau_w)_hol" is modified from 0.4 to 0.3
  Model: "HighFieldDependence_electron"
    Parameter "beta0(0)" is modified from 2 to 5
    Parameter "beta0(1)" is modified from 2 to 5
  Model: "Kappa"
    Parameter "B(1/kappa_b(1))" is new with value equal to 0
    Parameter "B(1/kappa_c(1))" is new with value equal to 0
    Parameter "B(kappa(1))" is new with value equal to 0
    Parameter "B(kappa_b(1))" is new with value equal to 0
    Parameter "B(kappa_c(1))" is new with value equal to 0
    Parameter "C(1/kappa(1))" is new with value equal to 0
    Parameter "C(1/kappa_b(1))" is new with value equal to 0
    Parameter "C(1/kappa_c(1))" is new with value equal to 0
    Parameter "C(kappa(1))" is new with value equal to 0
    Parameter "C(kappa_b(1))" is new with value equal to 0
    Parameter "C(kappa_c(1))" is new with value equal to 0
    Parameter "kappa(0)" is new with value equal to 1.5
    Parameter "kappa(1)" is new with value equal to 1.5
    Parameter "kappa_b(0)" is new with value equal to 0
    Parameter "kappa_b(1)" is new with value equal to 0
    Parameter "kappa_c(0)" is new with value equal to 0
    Parameter "kappa_c(1)" is new with value equal to 0
  Model: "Kappa_aniso"
    Parameter "B(1/kappa_b(1))" is new with value equal to 0
    Parameter "B(1/kappa_c(1))" is new with value equal to 0
    Parameter "B(kappa(1))" is new with value equal to 0
    Parameter "B(kappa_b(1))" is new with value equal to 0
    Parameter "B(kappa_c(1))" is new with value equal to 0
    Parameter "C(1/kappa(1))" is new with value equal to 0
    Parameter "C(1/kappa_b(1))" is new with value equal to 0
    Parameter "C(1/kappa_c(1))" is new with value equal to 0
    Parameter "C(kappa(1))" is new with value equal to 0
    Parameter "C(kappa_b(1))" is new with value equal to 0
    Parameter "C(kappa_c(1))" is new with value equal to 0
    Parameter "kappa(0)" is new with value equal to 1.5
    Parameter "kappa(1)" is new with value equal to 1.5
    Parameter "kappa_b(0)" is new with value equal to 0
    Parameter "kappa_b(1)" is new with value equal to 0
    Parameter "kappa_c(0)" is new with value equal to 0
    Parameter "kappa_c(1)" is new with value equal to 0
  Model: "QWStrain"
    Parameter "C_13(0)" is new with value equal to 0
    Parameter "C_13(1)" is new with value equal to 0
    Parameter "C_33(0)" is new with value equal to 0
    Parameter "C_33(1)" is new with value equal to 0
    Parameter "D1(0)" is new with value equal to 0
    Parameter "D1(1)" is new with value equal to 0
    Parameter "D2(0)" is new with value equal to 0
    Parameter "D2(1)" is new with value equal to 0
    Parameter "D3(0)" is new with value equal to 0
    Parameter "D3(1)" is new with value equal to 0
    Parameter "D4(0)" is new with value equal to 0
    Parameter "D4(1)" is new with value equal to 0
    Parameter "c0(0)" is new with value equal to 0
    Parameter "c0(1)" is new with value equal to 0
  Model: "SchroedingerParameters"
    Parameter "A(0)" is new with value equal to 4.22
    Parameter "A(1)" is new with value equal to 4.22
    Parameter "B(0)" is new with value equal to 0.6084
    Parameter "B(1)" is new with value equal to 0.6084
    Parameter "C(0)" is new with value equal to 23.058
    Parameter "C(1)" is new with value equal to 23.058
  Model: "vanOverstraetendeMan"
    Parameter "a(high)_e" is modified from 703000 to 30000
    Parameter "a(high)_h" is modified from 671000 to 30000
    Parameter "a(low)_e" is modified from 703000 to 30000
    Parameter "a(low)_h" is modified from 1.582e+06 to 30000
    Parameter "b(low)_e" is modified from 1.231e+06 to 640000
    Parameter "b(low)_h" is modified from 2.036e+06 to 640000
  Using default lattice crystal coordinate system L:
    Effective LatticeParameters (simulation coordinate system S
    relative to the Cartesian crystal coordinate system C):
      X = (1, 0.0000e+00, 0.0000e+00)
      Y = (0.0000e+00, 1, 0.0000e+00)
      Z = (0.0000e+00, 0.0000e+00, 1)

=======
Region: "Source"
  (material is "InGaAs")
=======
  Model: "Bandgap"
    Parameter "B(Chi0(1))" is new with value equal to 0
    Parameter "B(alpha(1))" is new with value equal to 0
    Parameter "B(beta(1))" is new with value equal to 0
    Parameter "C(Chi0(1))" is new with value equal to 0
    Parameter "C(Eg0(1))" is new with value equal to 0
    Parameter "C(alpha(1))" is new with value equal to 0
    Parameter "C(beta(1))" is new with value equal to 0
  Model: "BandstructureParameters"
    Parameter "A1(0)" is new with value equal to 0
    Parameter "A1(1)" is new with value equal to 0
    Parameter "A2(0)" is new with value equal to 0
    Parameter "A2(1)" is new with value equal to 0
    Parameter "A3(0)" is new with value equal to 0
    Parameter "A3(1)" is new with value equal to 0
    Parameter "A4(0)" is new with value equal to 0
    Parameter "A4(1)" is new with value equal to 0
    Parameter "A5(0)" is new with value equal to 0
    Parameter "A5(1)" is new with value equal to 0
    Parameter "A6(0)" is new with value equal to 0
    Parameter "A6(1)" is new with value equal to 0
    Parameter "cr(0)" is new with value equal to 0
    Parameter "cr(1)" is new with value equal to 0
  Model: "ConstantMobility_electron"
    Parameter "mumax(0)" is modified from 22600 to 15000
    Parameter "mumax(1)" is modified from 8500 to 6000
    Parameter "mutunnel(0)" is new with value equal to 0.05
    Parameter "mutunnel(1)" is new with value equal to 0.05
  Model: "ConstantMobility_electron_aniso"
    Parameter "mutunnel(0)" is new with value equal to 0.05
    Parameter "mutunnel(1)" is new with value equal to 0.05
  Model: "ConstantMobility_hole"
    Parameter "mutunnel(0)" is new with value equal to 0.05
    Parameter "mutunnel(1)" is new with value equal to 0.05
  Model: "ConstantMobility_hole_aniso"
    Parameter "mutunnel(0)" is new with value equal to 0.05
    Parameter "mutunnel(1)" is new with value equal to 0.05
  Model: "DOSMass_electron"
    Parameter "a(0)" is new with value equal to 0.1905
    Parameter "a(1)" is new with value equal to 0.1905
    Parameter "ml(0)" is new with value equal to 0.9163
    Parameter "ml(1)" is new with value equal to 0.9163
    Parameter "mm(0)" is new with value equal to 0
    Parameter "mm(1)" is new with value equal to 0
  Model: "DOSMass_hole"
    Parameter "Nv300(0)" is modified from 6.66e+18 to 8.72e+16
    Parameter "Nv300(1)" is modified from 8.47e+18 to 4.42e+17
    Parameter "a(0)" is new with value equal to 0.443587
    Parameter "a(1)" is new with value equal to 0.443587
    Parameter "b(0)" is new with value equal to 0.0036095
    Parameter "b(1)" is new with value equal to 0.0036095
    Parameter "c(0)" is new with value equal to 0.00011735
    Parameter "c(1)" is new with value equal to 0.00011735
    Parameter "d(0)" is new with value equal to 1.2632e-06
    Parameter "d(1)" is new with value equal to 1.2632e-06
    Parameter "e(0)" is new with value equal to 3.0256e-09
    Parameter "e(1)" is new with value equal to 3.0256e-09
    Parameter "f(0)" is new with value equal to 0.0046834
    Parameter "f(1)" is new with value equal to 0.0046834
    Parameter "g(0)" is new with value equal to 0.00022869
    Parameter "g(1)" is new with value equal to 0.00022869
    Parameter "h(0)" is new with value equal to 7.4693e-07
    Parameter "h(1)" is new with value equal to 7.4693e-07
    Parameter "i(0)" is new with value equal to 1.7275e-09
    Parameter "i(1)" is new with value equal to 1.7275e-09
    Parameter "mm(0)" is new with value equal to 0
    Parameter "mm(1)" is new with value equal to 0
  Model: "EnergyRelaxationTime_electron"
    Parameter "(tau_w)_ele" is modified from 1 to 0.8
  Model: "EnergyRelaxationTime_hole"
    Parameter "(tau_w)_hol" is modified from 0.4 to 0.3
  Model: "HighFieldDependence_electron"
    Parameter "beta0(0)" is modified from 2 to 5
    Parameter "beta0(1)" is modified from 2 to 5
  Model: "Kappa"
    Parameter "B(1/kappa_b(1))" is new with value equal to 0
    Parameter "B(1/kappa_c(1))" is new with value equal to 0
    Parameter "B(kappa(1))" is new with value equal to 0
    Parameter "B(kappa_b(1))" is new with value equal to 0
    Parameter "B(kappa_c(1))" is new with value equal to 0
    Parameter "C(1/kappa(1))" is new with value equal to 0
    Parameter "C(1/kappa_b(1))" is new with value equal to 0
    Parameter "C(1/kappa_c(1))" is new with value equal to 0
    Parameter "C(kappa(1))" is new with value equal to 0
    Parameter "C(kappa_b(1))" is new with value equal to 0
    Parameter "C(kappa_c(1))" is new with value equal to 0
    Parameter "kappa(0)" is new with value equal to 1.5
    Parameter "kappa(1)" is new with value equal to 1.5
    Parameter "kappa_b(0)" is new with value equal to 0
    Parameter "kappa_b(1)" is new with value equal to 0
    Parameter "kappa_c(0)" is new with value equal to 0
    Parameter "kappa_c(1)" is new with value equal to 0
  Model: "Kappa_aniso"
    Parameter "B(1/kappa_b(1))" is new with value equal to 0
    Parameter "B(1/kappa_c(1))" is new with value equal to 0
    Parameter "B(kappa(1))" is new with value equal to 0
    Parameter "B(kappa_b(1))" is new with value equal to 0
    Parameter "B(kappa_c(1))" is new with value equal to 0
    Parameter "C(1/kappa(1))" is new with value equal to 0
    Parameter "C(1/kappa_b(1))" is new with value equal to 0
    Parameter "C(1/kappa_c(1))" is new with value equal to 0
    Parameter "C(kappa(1))" is new with value equal to 0
    Parameter "C(kappa_b(1))" is new with value equal to 0
    Parameter "C(kappa_c(1))" is new with value equal to 0
    Parameter "kappa(0)" is new with value equal to 1.5
    Parameter "kappa(1)" is new with value equal to 1.5
    Parameter "kappa_b(0)" is new with value equal to 0
    Parameter "kappa_b(1)" is new with value equal to 0
    Parameter "kappa_c(0)" is new with value equal to 0
    Parameter "kappa_c(1)" is new with value equal to 0
  Model: "QWStrain"
    Parameter "C_13(0)" is new with value equal to 0
    Parameter "C_13(1)" is new with value equal to 0
    Parameter "C_33(0)" is new with value equal to 0
    Parameter "C_33(1)" is new with value equal to 0
    Parameter "D1(0)" is new with value equal to 0
    Parameter "D1(1)" is new with value equal to 0
    Parameter "D2(0)" is new with value equal to 0
    Parameter "D2(1)" is new with value equal to 0
    Parameter "D3(0)" is new with value equal to 0
    Parameter "D3(1)" is new with value equal to 0
    Parameter "D4(0)" is new with value equal to 0
    Parameter "D4(1)" is new with value equal to 0
    Parameter "c0(0)" is new with value equal to 0
    Parameter "c0(1)" is new with value equal to 0
  Model: "SchroedingerParameters"
    Parameter "A(0)" is new with value equal to 4.22
    Parameter "A(1)" is new with value equal to 4.22
    Parameter "B(0)" is new with value equal to 0.6084
    Parameter "B(1)" is new with value equal to 0.6084
    Parameter "C(0)" is new with value equal to 23.058
    Parameter "C(1)" is new with value equal to 23.058
  Model: "vanOverstraetendeMan"
    Parameter "a(high)_e" is modified from 703000 to 30000
    Parameter "a(high)_h" is modified from 671000 to 30000
    Parameter "a(low)_e" is modified from 703000 to 30000
    Parameter "a(low)_h" is modified from 1.582e+06 to 30000
    Parameter "b(low)_e" is modified from 1.231e+06 to 640000
    Parameter "b(low)_h" is modified from 2.036e+06 to 640000
  Using default lattice crystal coordinate system L:
    Effective LatticeParameters (simulation coordinate system S
    relative to the Cartesian crystal coordinate system C):
      X = (1, 0.0000e+00, 0.0000e+00)
      Y = (0.0000e+00, 1, 0.0000e+00)
      Z = (0.0000e+00, 0.0000e+00, 1)

=======
Region: "TopOx"
  (material is "Oxide")
=======
  Using default lattice crystal coordinate system L:
    Effective LatticeParameters (simulation coordinate system S
    relative to the Cartesian crystal coordinate system C):
      X = (1, 0.0000e+00, 0.0000e+00)
      Y = (0.0000e+00, 1, 0.0000e+00)
      Z = (0.0000e+00, 0.0000e+00, 1)
  Constants are not modified and equal to default ones

================
RegionInterface: "Channel/BottomOx"
  (material interface is "InGaAs/Oxide")
================
  Constants are not modified and equal to default ones

================
RegionInterface: "Channel/Drain"
  (material interface is "InGaAs/InGaAs")
================
  Constants are not modified and equal to default ones

================
RegionInterface: "Channel/Source"
  (material interface is "InGaAs/InGaAs")
================
  Constants are not modified and equal to default ones

================
RegionInterface: "Channel/TopOx"
  (material interface is "InGaAs/Oxide")
================
  Constants are not modified and equal to default ones

==========
Electrode: "bottomGate"
==========
  Constants are not modified and equal to default ones

==========
Electrode: "drain"
==========
  Constants are not modified and equal to default ones

==========
Electrode: "source"
==========
  Constants are not modified and equal to default ones

==========
Electrode: "topGate"
==========
  Constants are not modified and equal to default ones


Acceptor and donor concentrations (AcceptorConcentration, DonorConcentration):
    computed based on the following species from the doping file:
        PhosphorusActiveConcentration (donor)
        BoronActiveConcentration (acceptor)
Net doping concentration (DopingConcentration):
    obtained from doping file
Total doping concentration (TotalConcentration):
    recomputed from acceptor and donor concentrations


Sat Jan 13 16:10:00 2018: checked out 1 sdevice-hetero license(s)

With Constant Reference Potential:
  Parameters of Reference Semiconductor:
    The Electron Affinity: 4.76566
    The Band Gap: 0.480082
    The Electron DOS: 1.5816e+17
    The Hole DOS: 1.5816e+17
  The Constant Reference Potential: 5.0057
Sat Jan 13 16:10:00 2018: checked out 1 sdevice-pathsearchtun license(s)

===============================
Starting solve of next problem:
 Poisson
===============================

Computing poisson-equation 
using Bank/Rose nonlinear solver.

Iteration   |Rhs|      factor     |step|     error   #inner  #iterative  time
------------------------------------------------------------------------------
    0      2.58e+01                                                      0.01
    1      2.50e-01   1.00e+00   4.63e+00   7.35e+04    0         1      0.01
    2      1.29e-02   1.00e+00   1.78e+00   6.20e+04    0         1      0.02
    3      1.77e-04   1.00e+00   1.69e-01   3.83e+03    0         1      0.02
    4      1.27e-08   1.00e+00   9.91e-04   1.87e+01    0         1      0.02
Finished, because...
|RHS| less than 1.0000E-05.

Accumulated times:
Rhs time:        0.02 s
Jacobian time:   0.00 s
Solve time:      0.00 s
Total time:      0.02 s


Error in Band2Band(NonlocalPath1)
 The specified model parameter Bpath gives the tunneling mass    6.99214e-01 larger than 0.5.
 Use smaller Bpath or specify Rpath
 !

Sat Jan 13 16:10:00 2018: checked in 1 sdevice-pathsearchtun license(s)
Sat Jan 13 16:10:00 2018: checked in 1 sdevice-hetero license(s)
Sat Jan 13 16:10:00 2018: checked in 1 sdevice license(s)
