###########################################
# Sentaurus Visual K-2015.06-SP2.
# Tcl log file.
#------------------------------------------
# Date: Jan 13, 2018. 22:36:03.
# Version: 24.0.12 (1.12)
# Mode: Interactive (GUI).
# Hostname: en-ec-xing-01.coecis.cornell.edu.
# Machine: Linux, x86_64, x86_64.
# Kernel: 3.10.0-514.26.2.el7.x86_64.
###########################################

load_file /home/ml888/sentaurus_home/XNOR/IV_Vds_0.4_Vbg_0.0_n3_des.plt
create_plot -1d
select_plots Plot_1
#-> Plot_1
#-> Plot_1
#-> IV_Vds_0.4_Vbg_0.0_n3_des
load_file /home/ml888/sentaurus_home/XNOR/IV_Vds_0.4_Vbg_0.2_n3_des.plt
#-> IV_Vds_0.4_Vbg_0.2_n3_des
load_file /home/ml888/sentaurus_home/XNOR/IV_Vds_0.4_Vbg_0.4_n3_des.plt
#-> IV_Vds_0.4_Vbg_0.4_n3_des
create_curve -plot Plot_1 -dataset IV_Vds_0.4_Vbg_0.0_n3_des -axisX {topDrain OuterVoltage} -axisY {drain TotalCurrent}
#-> Curve_1
create_curve -plot Plot_1 -dataset IV_Vds_0.4_Vbg_0.0_n3_des -axisX {topGate OuterVoltage} -axisY {drain TotalCurrent}
#-> Curve_2
load_file /home/ml888/sentaurus_home/XNOR/IV_Vds_0.4_Vbg_0.0_n3_des.plt
#-> IV_Vds_0.4_Vbg_0.0_n3_des_2
create_curve -plot Plot_1 -dataset IV_Vds_0.4_Vbg_0.0_n3_des_2 -axisX {topGate OuterVoltage} -axisY {drain TotalCurrent}
#-> Curve_3
